Name: Rose Ramirez
ID: 2317195
Email: roramirez@chapman.edu
agcagatcgatgagcctga
agtcagcctcgcagctacgattagcatcgatcgatcgatg
atgtcgaatgagtgactagtcat
aaaaaaatcgatcgtcgactgcgactgactgct
atcgctagctgactgatcgc
atcgatcagtcttcatgt
catgctagtcgatcgatcgatcgctgactg
agtcctgactagtcgtcagtcgtcagtcagtcgatcgctg
atatactgcatgctgcgcgcgccatca

Length: 250
Probability of A: 0.244
Probability of C: 0.256
Probability of T: 0.252
Probability of G: 0.248
Probability of AA: 0.016
Probability of AC: 0.008
Probability of AT: 0.068
Probability of AG: 0.02
Probability of CA: 0.032
Probability of CC: 0.012
Probability of CT: 0.036
Probability of CG: 0.072
Probability of TA: 0.032
Probability of TC: 0.044
Probability of TT: 0.004
Probability of TG: 0.032
Probability of GA: 0.052
Probability of GC: 0.04
Probability of GT: 0.032
Probability of GG: 0
Mean: 27.7778
Standard Deviation: 24.5247
Variance: 601.461
Sum: 250
agcagatcgatgagcctga
agtcagcctcgcagctacgattagcatcgatcgatcgatg
atgtcgaatgagtgactagtcat
aaaaaaatcgatcgtcgactgcgactgactgct
atcgctagctgactgatcgc
atcgatcagtcttcatgt
catgctagtcgatcgatcgatcgctgactg
agtcctgactagtcgtcagtcgtcagtcagtcgatcgctg
atatactgcatgctgcgcgcgccatca

Length: 250
Probability of A: 0.244
Probability of C: 0.256
Probability of T: 0.252
Probability of G: 0.248
Probability of AA: 0.016
Probability of AC: 0.008
Probability of AT: 0.068
Probability of AG: 0.02
Probability of CA: 0.032
Probability of CC: 0.012
Probability of CT: 0.036
Probability of CG: 0.072
Probability of TA: 0.032
Probability of TC: 0.044
Probability of TT: 0.004
Probability of TG: 0.032
Probability of GA: 0.052
Probability of GC: 0.04
Probability of GT: 0.032
Probability of GG: 0
Mean: 27.7778
Standard Deviation: 24.5247
Variance: 601.461
Sum: 250
